<?xml version="1.0" encoding="UTF-8"?>
<testsuite xmlns:xsi="http://www.w3.org/2001/XMLSchema-instance" xsi:noNamespaceSchemaLocation="https://maven.apache.org/surefire/maven-surefire-plugin/xsd/surefire-test-report-3.0.xsd" version="3.0" name="org.example.devicemanagement.DeviceManagementApplicationTests" time="15.489" tests="1" errors="1" skipped="0" failures="0">
  <properties>
[...]
</properties>
  <testcase name="contextLoads" classname="org.example.devicemanagement.DeviceManagementApplicationTests" time="0.005">
    <error message="Failed to load ApplicationContext for [WebMergedContextConfiguration@28d07fa4 testClass = org.example.devicemanagement.DeviceManagementApplicationTests, locations = [], classes = [org.example.devicemanagement.DeviceManagementApplication], contextInitializerClasses = [], activeProfiles = [], propertySourceDescriptors = [], propertySourceProperties = [&quot;org.springframework.boot.test.context.SpringBootTestContextBootstrapper=true&quot;], contextCustomizers = [[ImportsContextCustomizer@298990ab key = [org.example.devicemanagement.TestcontainersConfiguration]], org.springframework.boot.test.context.filter.ExcludeFilterContextCustomizer@6995bf68, org.springframework.boot.test.json.DuplicateJsonObjectContextCustomizerFactory$DuplicateJsonObjectContextCustomizer@3e7dd664, org.springframework.boot.test.mock.mockito.MockitoContextCustomizer@0, org.springframework.boot.test.web.client.TestRestTemplateContextCustomizer@5d12a356, org.springframework.boot.test.autoconfigure.actuate.observability.ObservabilityContextCustomizerFactory$DisableObservabilityContextCustomizer@1f, org.springframework.boot.test.autoconfigure.properties.PropertyMappingContextCustomizer@0, org.springframework.boot.test.autoconfigure.web.servlet.WebDriverContextCustomizer@487db668, org.springframework.boot.testcontainers.service.connection.ServiceConnectionContextCustomizer@0, org.springframework.boot.test.context.SpringBootTestAnnotation@e0a63744], resourceBasePath = &quot;src/main/webapp&quot;, contextLoader = org.springframework.boot.test.context.SpringBootContextLoader, parent = null]" type="java.lang.IllegalStateException"><![CDATA[java.lang.IllegalStateException: Failed to load ApplicationContext for [WebMergedContextConfiguration@28d07fa4 testClass = org.example.devicemanagement.DeviceManagementApplicationTests, locations = [], classes = [org.example.devicemanagement.DeviceManagementApplication], contextInitializerClasses = [], activeProfiles = [], propertySourceDescriptors = [], propertySourceProperties = ["org.springframework.boot.test.context.SpringBootTestContextBootstrapper=true"], contextCustomizers = [[ImportsContextCustomizer@298990ab key = [org.example.devicemanagement.TestcontainersConfiguration]], org.springframework.boot.test.context.filter.ExcludeFilterContextCustomizer@6995bf68, org.springframework.boot.test.json.DuplicateJsonObjectContextCustomizerFactory$DuplicateJsonObjectContextCustomizer@3e7dd664, org.springframework.boot.test.mock.mockito.MockitoContextCustomizer@0, org.springframework.boot.test.web.client.TestRestTemplateContextCustomizer@5d12a356, org.springframework.boot.test.autoconfigure.actuate.observability.ObservabilityContextCustomizerFactory$DisableObservabilityContextCustomizer@1f, org.springframework.boot.test.autoconfigure.properties.PropertyMappingContextCustomizer@0, org.springframework.boot.test.autoconfigure.web.servlet.WebDriverContextCustomizer@487db668, org.springframework.boot.testcontainers.service.connection.ServiceConnectionContextCustomizer@0, org.springframework.boot.test.context.SpringBootTestAnnotation@e0a63744], resourceBasePath = "src/main/webapp", contextLoader = org.springframework.boot.test.context.SpringBootContextLoader, parent = null]
	at org.springframework.test.context.cache.DefaultCacheAwareContextLoaderDelegate.loadContext(DefaultCacheAwareContextLoaderDelegate.java:180)
	at org.springframework.test.context.support.DefaultTestContext.getApplicationContext(DefaultTestContext.java:130)
	at org.springframework.test.context.web.ServletTestExecutionListener.setUpRequestContextIfNecessary(ServletTestExecutionListener.java:191)
	at org.springframework.test.context.web.ServletTestExecutionListener.prepareTestInstance(ServletTestExecutionListener.java:130)
	at org.springframework.test.context.TestContextManager.prepareTestInstance(TestContextManager.java:247)
	at org.springframework.test.context.junit.jupiter.SpringExtension.postProcessTestInstance(SpringExtension.java:163)
	at java.base/java.util.stream.ReferencePipeline$3$1.accept(ReferencePipeline.java:197)
	at java.base/java.util.stream.ReferencePipeline$2$1.accept(ReferencePipeline.java:179)
	at java.base/java.util.ArrayList$ArrayListSpliterator.forEachRemaining(ArrayList.java:1625)
	at java.base/java.util.stream.AbstractPipeline.copyInto(AbstractPipeline.java:509)
	at java.base/java.util.stream.AbstractPipeline.wrapAndCopyInto(AbstractPipeline.java:499)
	at java.base/java.util.stream.StreamSpliterators$WrappingSpliterator.forEachRemaining(StreamSpliterators.java:310)
	at java.base/java.util.stream.Streams$ConcatSpliterator.forEachRemaining(Streams.java:735)
	at java.base/java.util.stream.Streams$ConcatSpliterator.forEachRemaining(Streams.java:734)
	at java.base/java.util.stream.ReferencePipeline$Head.forEach(ReferencePipeline.java:762)
	at java.base/java.util.Optional.orElseGet(Optional.java:364)
	at java.base/java.util.ArrayList.forEach(ArrayList.java:1511)
	at java.base/java.util.ArrayList.forEach(ArrayList.java:1511)
Caused by: org.springframework.beans.factory.BeanCreationException: Error creating bean with name 'resourceHandlerMapping' defined in class path resource [org/springframework/boot/autoconfigure/web/servlet/WebMvcAutoConfiguration$EnableWebMvcConfiguration.class]: Failed to instantiate [org.springframework.web.servlet.HandlerMapping]: Factory method 'resourceHandlerMapping' threw exception with message: 'io.github.classgraph.ClassGraph io.github.classgraph.ClassGraph.acceptPaths(java.lang.String[])'
	at org.springframework.beans.factory.support.ConstructorResolver.instantiate(ConstructorResolver.java:655)
	at org.springframework.beans.factory.support.ConstructorResolver.instantiateUsingFactoryMethod(ConstructorResolver.java:643)
	at org.springframework.beans.factory.support.AbstractAutowireCapableBeanFactory.instantiateUsingFactoryMethod(AbstractAutowireCapableBeanFactory.java:1336)
	at org.springframework.beans.factory.support.AbstractAutowireCapableBeanFactory.createBeanInstance(AbstractAutowireCapableBeanFactory.java:1166)
	at org.springframework.beans.factory.support.AbstractAutowireCapableBeanFactory.doCreateBean(AbstractAutowireCapableBeanFactory.java:563)
	at org.springframework.beans.factory.support.AbstractAutowireCapableBeanFactory.createBean(AbstractAutowireCapableBeanFactory.java:523)
	at org.springframework.beans.factory.support.AbstractBeanFactory.lambda$doGetBean$0(AbstractBeanFactory.java:325)
	at org.springframework.beans.factory.support.DefaultSingletonBeanRegistry.getSingleton(DefaultSingletonBeanRegistry.java:234)
	at org.springframework.beans.factory.support.AbstractBeanFactory.doGetBean(AbstractBeanFactory.java:323)
	at org.springframework.beans.factory.support.AbstractBeanFactory.getBean(AbstractBeanFactory.java:199)
	at org.springframework.beans.factory.support.DefaultListableBeanFactory.preInstantiateSingletons(DefaultListableBeanFactory.java:973)
	at org.springframework.context.support.AbstractApplicationContext.finishBeanFactoryInitialization(AbstractApplicationContext.java:946)
	at org.springframework.context.support.AbstractApplicationContext.refresh(AbstractApplicationContext.java:616)
	at org.springframework.boot.SpringApplication.refresh(SpringApplication.java:753)
	at org.springframework.boot.SpringApplication.refreshContext(SpringApplication.java:455)
	at org.springframework.boot.SpringApplication.run(SpringApplication.java:323)
	at org.springframework.boot.test.context.SpringBootContextLoader.lambda$loadContext$3(SpringBootContextLoader.java:137)
	at org.springframework.util.function.ThrowingSupplier.get(ThrowingSupplier.java:58)
	at org.springframework.util.function.ThrowingSupplier.get(ThrowingSupplier.java:46)
	at org.springframework.boot.SpringApplication.withHook(SpringApplication.java:1442)
	at org.springframework.boot.test.context.SpringBootContextLoader$ContextLoaderHook.run(SpringBootContextLoader.java:552)
	at org.springframework.boot.test.context.SpringBootContextLoader.loadContext(SpringBootContextLoader.java:137)
	at org.springframework.boot.test.context.SpringBootContextLoader.loadContext(SpringBootContextLoader.java:108)
	at org.springframework.test.context.cache.DefaultCacheAwareContextLoaderDelegate.loadContextInternal(DefaultCacheAwareContextLoaderDelegate.java:225)
	at org.springframework.test.context.cache.DefaultCacheAwareContextLoaderDelegate.loadContext(DefaultCacheAwareContextLoaderDelegate.java:152)
	... 17 more
Caused by: org.springframework.beans.BeanInstantiationException: Failed to instantiate [org.springframework.web.servlet.HandlerMapping]: Factory method 'resourceHandlerMapping' threw exception with message: 'io.github.classgraph.ClassGraph io.github.classgraph.ClassGraph.acceptPaths(java.lang.String[])'
	at org.springframework.beans.factory.support.SimpleInstantiationStrategy.instantiate(SimpleInstantiationStrategy.java:178)
	at org.springframework.beans.factory.support.ConstructorResolver.instantiate(ConstructorResolver.java:651)
	... 41 more
Caused by: java.lang.NoSuchMethodError: 'io.github.classgraph.ClassGraph io.github.classgraph.ClassGraph.acceptPaths(java.lang.String[])'
	at org.webjars.WebJarAssetLocator.scanForWebJars(WebJarAssetLocator.java:188)
	at org.webjars.WebJarAssetLocator.<init>(WebJarAssetLocator.java:210)
	at org.webjars.WebJarAssetLocator.<init>(WebJarAssetLocator.java:194)
	at org.springframework.web.servlet.resource.WebJarsResourceResolver.<init>(WebJarsResourceResolver.java:63)
	at org.springframework.web.servlet.config.annotation.ResourceChainRegistration.getResourceResolvers(ResourceChainRegistration.java:114)
	at org.springframework.web.servlet.config.annotation.ResourceHandlerRegistration.getRequestHandler(ResourceHandlerRegistration.java:235)
	at org.springframework.web.servlet.config.annotation.ResourceHandlerRegistry.getRequestHandler(ResourceHandlerRegistry.java:178)
	at org.springframework.web.servlet.config.annotation.ResourceHandlerRegistry.getHandlerMapping(ResourceHandlerRegistry.java:168)
	at org.springframework.web.servlet.config.annotation.WebMvcConfigurationSupport.resourceHandlerMapping(WebMvcConfigurationSupport.java:589)
	at java.base/java.lang.reflect.Method.invoke(Method.java:568)
	at org.springframework.beans.factory.support.SimpleInstantiationStrategy.instantiate(SimpleInstantiationStrategy.java:140)
	... 42 more
]]></error>
    <system-out><![CDATA[13:42:19.660 [main] INFO org.springframework.test.context.support.AnnotationConfigContextLoaderUtils -- Could not detect default configuration classes for test class [org.example.devicemanagement.DeviceManagementApplicationTests]: DeviceManagementApplicationTests does not declare any static, non-private, non-final, nested classes annotated with @Configuration.
13:42:19.703 [main] INFO org.springframework.boot.test.context.SpringBootTestContextBootstrapper -- Found @SpringBootConfiguration org.example.devicemanagement.DeviceManagementApplication for test class org.example.devicemanagement.DeviceManagementApplicationTests
13:42:19.748 [main] INFO org.springframework.boot.devtools.restart.RestartApplicationListener -- Restart disabled due to context in which it is running

  .   ____          _            __ _ _
 /\\ / ___'_ __ _ _(_)_ __  __ _ \ \ \ \
( ( )\___ | '_ | '_| | '_ \/ _` | \ \ \ \
 \\/  ___)| |_)| | | | | || (_| |  ) ) ) )
  '  |____| .__|_| |_|_| |_\__, | / / / /
 =========|_|==============|___/=/_/_/_/
 :: Spring Boot ::                (v3.2.0)

2024-06-25T13:42:19.845+01:00  INFO 85196 --- [deviceManagement] [           main] [                                                 ] o.e.d.DeviceManagementApplicationTests   : Starting DeviceManagementApplicationTests using Java 17.0.8 with PID 85196 (started by youssefm in /Users/youssefm/Downloads/deviceManagement)
2024-06-25T13:42:19.846+01:00  INFO 85196 --- [deviceManagement] [           main] [                                                 ] o.e.d.DeviceManagementApplicationTests   : No active profile set, falling back to 1 default profile: "default"
2024-06-25T13:42:20.144+01:00  INFO 85196 --- [deviceManagement] [           main] [                                                 ] .s.d.r.c.RepositoryConfigurationDelegate : Multiple Spring Data modules found, entering strict repository configuration mode
2024-06-25T13:42:20.145+01:00  INFO 85196 --- [deviceManagement] [           main] [                                                 ] .s.d.r.c.RepositoryConfigurationDelegate : Bootstrapping Spring Data JDBC repositories in DEFAULT mode.
2024-06-25T13:42:20.154+01:00  INFO 85196 --- [deviceManagement] [           main] [                                                 ] .RepositoryConfigurationExtensionSupport : Spring Data JDBC - Could not safely identify store assignment for repository candidate interface org.example.devicemanagement.repos.DeviceRepository; If you want this repository to be a JDBC repository, consider annotating your entities with one of these annotations: org.springframework.data.relational.core.mapping.Table.
2024-06-25T13:42:20.154+01:00  INFO 85196 --- [deviceManagement] [           main] [                                                 ] .s.d.r.c.RepositoryConfigurationDelegate : Finished Spring Data repository scanning in 8 ms. Found 0 JDBC repository interfaces.
2024-06-25T13:42:20.158+01:00  INFO 85196 --- [deviceManagement] [           main] [                                                 ] .s.d.r.c.RepositoryConfigurationDelegate : Multiple Spring Data modules found, entering strict repository configuration mode
2024-06-25T13:42:20.158+01:00  INFO 85196 --- [deviceManagement] [           main] [                                                 ] .s.d.r.c.RepositoryConfigurationDelegate : Bootstrapping Spring Data JPA repositories in DEFAULT mode.
2024-06-25T13:42:20.165+01:00  INFO 85196 --- [deviceManagement] [           main] [                                                 ] .s.d.r.c.RepositoryConfigurationDelegate : Finished Spring Data repository scanning in 5 ms. Found 1 JPA repository interface.
2024-06-25T13:42:20.346+01:00  INFO 85196 --- [deviceManagement] [           main] [                                                 ] org.testcontainers.images.PullPolicy     : Image pull policy will be performed by: DefaultPullPolicy()
2024-06-25T13:42:20.347+01:00  INFO 85196 --- [deviceManagement] [           main] [                                                 ] o.t.utility.ImageNameSubstitutor         : Image name substitution will be performed by: DefaultImageNameSubstitutor (composite of 'ConfigurationFileImageNameSubstitutor' and 'PrefixingImageNameSubstitutor')
2024-06-25T13:42:20.459+01:00  INFO 85196 --- [deviceManagement] [           main] [                                                 ] o.t.d.DockerClientProviderStrategy       : Loaded org.testcontainers.dockerclient.UnixSocketClientProviderStrategy from ~/.testcontainers.properties, will try it first
2024-06-25T13:42:20.563+01:00  INFO 85196 --- [deviceManagement] [           main] [                                                 ] o.t.d.DockerClientProviderStrategy       : Found Docker environment with local Unix socket (unix:///var/run/docker.sock)
2024-06-25T13:42:20.563+01:00  INFO 85196 --- [deviceManagement] [           main] [                                                 ] org.testcontainers.DockerClientFactory   : Docker host IP address is localhost
2024-06-25T13:42:20.574+01:00  INFO 85196 --- [deviceManagement] [           main] [                                                 ] org.testcontainers.DockerClientFactory   : Connected to docker: 
  Server Version: 26.1.4
  API Version: 1.45
  Operating System: Docker Desktop
  Total Memory: 7840 MB
2024-06-25T13:42:20.588+01:00  INFO 85196 --- [deviceManagement] [           main] [                                                 ] tc.testcontainers/ryuk:0.5.1             : Pulling docker image: testcontainers/ryuk:0.5.1. Please be patient; this may take some time but only needs to be done once.
2024-06-25T13:42:20.677+01:00  INFO 85196 --- [deviceManagement] [           main] [                                                 ] o.t.utility.RegistryAuthLocator          : Credential helper/store (docker-credential-osxkeychain) does not have credentials for https://index.docker.io/v1/
2024-06-25T13:42:23.006+01:00  INFO 85196 --- [deviceManagement] [eam--1761815518] [                                                 ] tc.testcontainers/ryuk:0.5.1             : Starting to pull image
2024-06-25T13:42:23.029+01:00  INFO 85196 --- [deviceManagement] [eam--1761815518] [                                                 ] tc.testcontainers/ryuk:0.5.1             : Pulling image layers:  0 pending,  0 downloaded,  0 extracted, (0 bytes/0 bytes)
2024-06-25T13:42:24.634+01:00  INFO 85196 --- [deviceManagement] [eam--1761815518] [                                                 ] tc.testcontainers/ryuk:0.5.1             : Pulling image layers:  2 pending,  1 downloaded,  0 extracted, (793 KB/? MB)
2024-06-25T13:42:26.277+01:00  INFO 85196 --- [deviceManagement] [eam--1761815518] [                                                 ] tc.testcontainers/ryuk:0.5.1             : Pulling image layers:  1 pending,  2 downloaded,  0 extracted, (3 MB/? MB)
2024-06-25T13:42:31.096+01:00  INFO 85196 --- [deviceManagement] [eam--1761815518] [                                                 ] tc.testcontainers/ryuk:0.5.1             : Pulling image layers:  0 pending,  3 downloaded,  0 extracted, (5 MB/5 MB)
2024-06-25T13:42:31.204+01:00  INFO 85196 --- [deviceManagement] [eam--1761815518] [                                                 ] tc.testcontainers/ryuk:0.5.1             : Pulling image layers:  0 pending,  3 downloaded,  1 extracted, (5 MB/5 MB)
2024-06-25T13:42:31.242+01:00  INFO 85196 --- [deviceManagement] [eam--1761815518] [                                                 ] tc.testcontainers/ryuk:0.5.1             : Pulling image layers:  0 pending,  3 downloaded,  2 extracted, (5 MB/5 MB)
2024-06-25T13:42:31.269+01:00  INFO 85196 --- [deviceManagement] [eam--1761815518] [                                                 ] tc.testcontainers/ryuk:0.5.1             : Pulling image layers:  0 pending,  3 downloaded,  3 extracted, (5 MB/5 MB)
2024-06-25T13:42:31.275+01:00  INFO 85196 --- [deviceManagement] [eam--1761815518] [                                                 ] tc.testcontainers/ryuk:0.5.1             : Pull complete. 3 layers, pulled in 8s (downloaded 5 MB at 676 KB/s)
2024-06-25T13:42:31.275+01:00  INFO 85196 --- [deviceManagement] [           main] [                                                 ] tc.testcontainers/ryuk:0.5.1             : Image testcontainers/ryuk:0.5.1 pull took PT10.686293S
2024-06-25T13:42:31.292+01:00  INFO 85196 --- [deviceManagement] [           main] [                                                 ] tc.testcontainers/ryuk:0.5.1             : Creating container for image: testcontainers/ryuk:0.5.1
2024-06-25T13:42:31.366+01:00  INFO 85196 --- [deviceManagement] [           main] [                                                 ] tc.testcontainers/ryuk:0.5.1             : Container testcontainers/ryuk:0.5.1 is starting: 2ae11d2243a9f7ea2acb2962c0c11a3d60e2dd0d8488d39343a797f5ef68a7fc
2024-06-25T13:42:31.549+01:00  INFO 85196 --- [deviceManagement] [           main] [                                                 ] tc.testcontainers/ryuk:0.5.1             : Container testcontainers/ryuk:0.5.1 started in PT0.257524S
2024-06-25T13:42:31.553+01:00  INFO 85196 --- [deviceManagement] [           main] [                                                 ] o.t.utility.RyukResourceReaper           : Ryuk started - will monitor and terminate Testcontainers containers on JVM exit
2024-06-25T13:42:31.554+01:00  INFO 85196 --- [deviceManagement] [           main] [                                                 ] org.testcontainers.DockerClientFactory   : Checking the system...
2024-06-25T13:42:31.554+01:00  INFO 85196 --- [deviceManagement] [           main] [                                                 ] org.testcontainers.DockerClientFactory   : ✔︎ Docker server version should be at least 1.6.0
2024-06-25T13:42:31.554+01:00  INFO 85196 --- [deviceManagement] [           main] [                                                 ] tc.openzipkin/zipkin:latest              : Creating container for image: openzipkin/zipkin:latest
2024-06-25T13:42:31.575+01:00  INFO 85196 --- [deviceManagement] [           main] [                                                 ] tc.openzipkin/zipkin:latest              : Container openzipkin/zipkin:latest is starting: 919ae9e62ad260804ae0e7e19c06f3ab48c8c6f8cde9a9e61a32a7b9de84d9ff
2024-06-25T13:42:33.046+01:00  INFO 85196 --- [deviceManagement] [           main] [                                                 ] tc.openzipkin/zipkin:latest              : Container openzipkin/zipkin:latest started in PT1.492262S
2024-06-25T13:42:33.047+01:00  INFO 85196 --- [deviceManagement] [           main] [                                                 ] tc.postgres:latest                       : Creating container for image: postgres:latest
2024-06-25T13:42:33.062+01:00  INFO 85196 --- [deviceManagement] [           main] [                                                 ] tc.postgres:latest                       : Container postgres:latest is starting: 370b259c1b3238731f821b281dae03c7b8f7e8b5a8de3bf67e9ac6892a74e5ea
2024-06-25T13:42:33.749+01:00  INFO 85196 --- [deviceManagement] [           main] [                                                 ] tc.postgres:latest                       : Container postgres:latest started in PT0.70185S
2024-06-25T13:42:33.750+01:00  INFO 85196 --- [deviceManagement] [           main] [                                                 ] tc.postgres:latest                       : Container is started (JDBC URL: jdbc:postgresql://localhost:54464/test?loggerLevel=OFF)
2024-06-25T13:42:33.857+01:00  INFO 85196 --- [deviceManagement] [           main] [                                                 ] o.hibernate.jpa.internal.util.LogHelper  : HHH000204: Processing PersistenceUnitInfo [name: default]
2024-06-25T13:42:33.884+01:00  INFO 85196 --- [deviceManagement] [           main] [                                                 ] org.hibernate.Version                    : HHH000412: Hibernate ORM core version 6.3.1.Final
2024-06-25T13:42:33.900+01:00  INFO 85196 --- [deviceManagement] [           main] [                                                 ] o.h.c.internal.RegionFactoryInitiator    : HHH000026: Second-level cache disabled
2024-06-25T13:42:34.003+01:00  INFO 85196 --- [deviceManagement] [           main] [                                                 ] o.s.o.j.p.SpringPersistenceUnitInfo      : No LoadTimeWeaver setup: ignoring JPA class transformer
2024-06-25T13:42:34.013+01:00  INFO 85196 --- [deviceManagement] [           main] [                                                 ] com.zaxxer.hikari.HikariDataSource       : HikariPool-1 - Starting...
2024-06-25T13:42:34.094+01:00  INFO 85196 --- [deviceManagement] [           main] [                                                 ] com.zaxxer.hikari.pool.HikariPool        : HikariPool-1 - Added connection org.postgresql.jdbc.PgConnection@1b53e6fc
2024-06-25T13:42:34.094+01:00  INFO 85196 --- [deviceManagement] [           main] [                                                 ] com.zaxxer.hikari.HikariDataSource       : HikariPool-1 - Start completed.
2024-06-25T13:42:34.412+01:00  INFO 85196 --- [deviceManagement] [           main] [                                                 ] o.h.e.t.j.p.i.JtaPlatformInitiator       : HHH000489: No JTA platform available (set 'hibernate.transaction.jta.platform' to enable JTA platform integration)
2024-06-25T13:42:34.420+01:00  WARN 85196 --- [deviceManagement] [           main] [                                                 ] o.h.engine.jdbc.spi.SqlExceptionHelper   : SQL Warning Code: 0, SQLState: 00000
2024-06-25T13:42:34.421+01:00  WARN 85196 --- [deviceManagement] [           main] [                                                 ] o.h.engine.jdbc.spi.SqlExceptionHelper   : table "devices" does not exist, skipping
2024-06-25T13:42:34.429+01:00  INFO 85196 --- [deviceManagement] [           main] [                                                 ] j.LocalContainerEntityManagerFactoryBean : Initialized JPA EntityManagerFactory for persistence unit 'default'
2024-06-25T13:42:34.797+01:00  WARN 85196 --- [deviceManagement] [           main] [                                                 ] o.s.w.c.s.GenericWebApplicationContext   : Exception encountered during context initialization - cancelling refresh attempt: org.springframework.beans.factory.BeanCreationException: Error creating bean with name 'resourceHandlerMapping' defined in class path resource [org/springframework/boot/autoconfigure/web/servlet/WebMvcAutoConfiguration$EnableWebMvcConfiguration.class]: Failed to instantiate [org.springframework.web.servlet.HandlerMapping]: Factory method 'resourceHandlerMapping' threw exception with message: 'io.github.classgraph.ClassGraph io.github.classgraph.ClassGraph.acceptPaths(java.lang.String[])'
2024-06-25T13:42:34.798+01:00  INFO 85196 --- [deviceManagement] [           main] [                                                 ] j.LocalContainerEntityManagerFactoryBean : Closing JPA EntityManagerFactory for persistence unit 'default'
2024-06-25T13:42:34.802+01:00  INFO 85196 --- [deviceManagement] [           main] [                                                 ] com.zaxxer.hikari.HikariDataSource       : HikariPool-1 - Shutdown initiated...
2024-06-25T13:42:34.803+01:00  INFO 85196 --- [deviceManagement] [           main] [                                                 ] com.zaxxer.hikari.HikariDataSource       : HikariPool-1 - Shutdown completed.
2024-06-25T13:42:35.063+01:00  INFO 85196 --- [deviceManagement] [           main] [                                                 ] .s.b.a.l.ConditionEvaluationReportLogger : 

Error starting ApplicationContext. To display the condition evaluation report re-run your application with 'debug' enabled.
2024-06-25T13:42:35.070+01:00 ERROR 85196 --- [deviceManagement] [           main] [                                                 ] o.s.b.d.LoggingFailureAnalysisReporter   : 

***************************
APPLICATION FAILED TO START
***************************

Description:

An attempt was made to call a method that does not exist. The attempt was made from the following location:

    org.webjars.WebJarAssetLocator.scanForWebJars(WebJarAssetLocator.java:188)

The following method did not exist:

    'io.github.classgraph.ClassGraph io.github.classgraph.ClassGraph.acceptPaths(java.lang.String[])'

The calling method's class, org.webjars.WebJarAssetLocator, was loaded from the following location:

    jar:file:/Users/youssefm/.m2/repository/org/webjars/webjars-locator-core/0.55/webjars-locator-core-0.55.jar!/org/webjars/WebJarAssetLocator.class

The called method's class, io.github.classgraph.ClassGraph, is available from the following locations:

    jar:file:/Users/youssefm/.m2/repository/io/github/classgraph/classgraph/4.8.44/classgraph-4.8.44.jar!/io/github/classgraph/ClassGraph.class

The called method's class hierarchy was loaded from the following locations:

    io.github.classgraph.ClassGraph: file:/Users/youssefm/.m2/repository/io/github/classgraph/classgraph/4.8.44/classgraph-4.8.44.jar


Action:

Correct the classpath of your application so that it contains compatible versions of the classes org.webjars.WebJarAssetLocator and io.github.classgraph.ClassGraph

2024-06-25T13:42:35.073+01:00 ERROR 85196 --- [deviceManagement] [           main] [                                                 ] o.s.test.context.TestContextManager      : Caught exception while allowing TestExecutionListener [org.springframework.test.context.web.ServletTestExecutionListener] to prepare test instance [org.example.devicemanagement.DeviceManagementApplicationTests@6fc44cb6]

java.lang.IllegalStateException: Failed to load ApplicationContext for [WebMergedContextConfiguration@28d07fa4 testClass = org.example.devicemanagement.DeviceManagementApplicationTests, locations = [], classes = [org.example.devicemanagement.DeviceManagementApplication], contextInitializerClasses = [], activeProfiles = [], propertySourceDescriptors = [], propertySourceProperties = ["org.springframework.boot.test.context.SpringBootTestContextBootstrapper=true"], contextCustomizers = [[ImportsContextCustomizer@298990ab key = [org.example.devicemanagement.TestcontainersConfiguration]], org.springframework.boot.test.context.filter.ExcludeFilterContextCustomizer@6995bf68, org.springframework.boot.test.json.DuplicateJsonObjectContextCustomizerFactory$DuplicateJsonObjectContextCustomizer@3e7dd664, org.springframework.boot.test.mock.mockito.MockitoContextCustomizer@0, org.springframework.boot.test.web.client.TestRestTemplateContextCustomizer@5d12a356, org.springframework.boot.test.autoconfigure.actuate.observability.ObservabilityContextCustomizerFactory$DisableObservabilityContextCustomizer@1f, org.springframework.boot.test.autoconfigure.properties.PropertyMappingContextCustomizer@0, org.springframework.boot.test.autoconfigure.web.servlet.WebDriverContextCustomizer@487db668, org.springframework.boot.testcontainers.service.connection.ServiceConnectionContextCustomizer@0, org.springframework.boot.test.context.SpringBootTestAnnotation@e0a63744], resourceBasePath = "src/main/webapp", contextLoader = org.springframework.boot.test.context.SpringBootContextLoader, parent = null]
	at org.springframework.test.context.cache.DefaultCacheAwareContextLoaderDelegate.loadContext(DefaultCacheAwareContextLoaderDelegate.java:180) ~[spring-test-6.1.1.jar:6.1.1]
	at org.springframework.test.context.support.DefaultTestContext.getApplicationContext(DefaultTestContext.java:130) ~[spring-test-6.1.1.jar:6.1.1]
	at org.springframework.test.context.web.ServletTestExecutionListener.setUpRequestContextIfNecessary(ServletTestExecutionListener.java:191) ~[spring-test-6.1.1.jar:6.1.1]
	at org.springframework.test.context.web.ServletTestExecutionListener.prepareTestInstance(ServletTestExecutionListener.java:130) ~[spring-test-6.1.1.jar:6.1.1]
	at org.springframework.test.context.TestContextManager.prepareTestInstance(TestContextManager.java:247) ~[spring-test-6.1.1.jar:6.1.1]
	at org.springframework.test.context.junit.jupiter.SpringExtension.postProcessTestInstance(SpringExtension.java:163) ~[spring-test-6.1.1.jar:6.1.1]
	at org.junit.jupiter.engine.descriptor.ClassBasedTestDescriptor.lambda$invokeTestInstancePostProcessors$10(ClassBasedTestDescriptor.java:378) ~[junit-jupiter-engine-5.10.1.jar:5.10.1]
	at org.junit.jupiter.engine.descriptor.ClassBasedTestDescriptor.executeAndMaskThrowable(ClassBasedTestDescriptor.java:383) ~[junit-jupiter-engine-5.10.1.jar:5.10.1]
	at org.junit.jupiter.engine.descriptor.ClassBasedTestDescriptor.lambda$invokeTestInstancePostProcessors$11(ClassBasedTestDescriptor.java:378) ~[junit-jupiter-engine-5.10.1.jar:5.10.1]
	at java.base/java.util.stream.ReferencePipeline$3$1.accept(ReferencePipeline.java:197) ~[na:na]
	at java.base/java.util.stream.ReferencePipeline$2$1.accept(ReferencePipeline.java:179) ~[na:na]
	at java.base/java.util.ArrayList$ArrayListSpliterator.forEachRemaining(ArrayList.java:1625) ~[na:na]
	at java.base/java.util.stream.AbstractPipeline.copyInto(AbstractPipeline.java:509) ~[na:na]
	at java.base/java.util.stream.AbstractPipeline.wrapAndCopyInto(AbstractPipeline.java:499) ~[na:na]
	at java.base/java.util.stream.StreamSpliterators$WrappingSpliterator.forEachRemaining(StreamSpliterators.java:310) ~[na:na]
	at java.base/java.util.stream.Streams$ConcatSpliterator.forEachRemaining(Streams.java:735) ~[na:na]
	at java.base/java.util.stream.Streams$ConcatSpliterator.forEachRemaining(Streams.java:734) ~[na:na]
	at java.base/java.util.stream.ReferencePipeline$Head.forEach(ReferencePipeline.java:762) ~[na:na]
	at org.junit.jupiter.engine.descriptor.ClassBasedTestDescriptor.invokeTestInstancePostProcessors(ClassBasedTestDescriptor.java:377) ~[junit-jupiter-engine-5.10.1.jar:5.10.1]
	at org.junit.jupiter.engine.descriptor.ClassBasedTestDescriptor.lambda$instantiateAndPostProcessTestInstance$6(ClassBasedTestDescriptor.java:290) ~[junit-jupiter-engine-5.10.1.jar:5.10.1]
	at org.junit.platform.engine.support.hierarchical.ThrowableCollector.execute(ThrowableCollector.java:73) ~[junit-platform-engine-1.10.1.jar:1.10.1]
	at org.junit.jupiter.engine.descriptor.ClassBasedTestDescriptor.instantiateAndPostProcessTestInstance(ClassBasedTestDescriptor.java:289) ~[junit-jupiter-engine-5.10.1.jar:5.10.1]
	at org.junit.jupiter.engine.descriptor.ClassBasedTestDescriptor.lambda$testInstancesProvider$4(ClassBasedTestDescriptor.java:279) ~[junit-jupiter-engine-5.10.1.jar:5.10.1]
	at java.base/java.util.Optional.orElseGet(Optional.java:364) ~[na:na]
	at org.junit.jupiter.engine.descriptor.ClassBasedTestDescriptor.lambda$testInstancesProvider$5(ClassBasedTestDescriptor.java:278) ~[junit-jupiter-engine-5.10.1.jar:5.10.1]
	at org.junit.jupiter.engine.execution.TestInstancesProvider.getTestInstances(TestInstancesProvider.java:31) ~[junit-jupiter-engine-5.10.1.jar:5.10.1]
	at org.junit.jupiter.engine.descriptor.TestMethodTestDescriptor.lambda$prepare$0(TestMethodTestDescriptor.java:106) ~[junit-jupiter-engine-5.10.1.jar:5.10.1]
	at org.junit.platform.engine.support.hierarchical.ThrowableCollector.execute(ThrowableCollector.java:73) ~[junit-platform-engine-1.10.1.jar:1.10.1]
	at org.junit.jupiter.engine.descriptor.TestMethodTestDescriptor.prepare(TestMethodTestDescriptor.java:105) ~[junit-jupiter-engine-5.10.1.jar:5.10.1]
	at org.junit.jupiter.engine.descriptor.TestMethodTestDescriptor.prepare(TestMethodTestDescriptor.java:69) ~[junit-jupiter-engine-5.10.1.jar:5.10.1]
	at org.junit.platform.engine.support.hierarchical.NodeTestTask.lambda$prepare$2(NodeTestTask.java:123) ~[junit-platform-engine-1.10.1.jar:1.10.1]
	at org.junit.platform.engine.support.hierarchical.ThrowableCollector.execute(ThrowableCollector.java:73) ~[junit-platform-engine-1.10.1.jar:1.10.1]
	at org.junit.platform.engine.support.hierarchical.NodeTestTask.prepare(NodeTestTask.java:123) ~[junit-platform-engine-1.10.1.jar:1.10.1]
	at org.junit.platform.engine.support.hierarchical.NodeTestTask.execute(NodeTestTask.java:90) ~[junit-platform-engine-1.10.1.jar:1.10.1]
	at java.base/java.util.ArrayList.forEach(ArrayList.java:1511) ~[na:na]
	at org.junit.platform.engine.support.hierarchical.SameThreadHierarchicalTestExecutorService.invokeAll(SameThreadHierarchicalTestExecutorService.java:41) ~[junit-platform-engine-1.10.1.jar:1.10.1]
	at org.junit.platform.engine.support.hierarchical.NodeTestTask.lambda$executeRecursively$6(NodeTestTask.java:155) ~[junit-platform-engine-1.10.1.jar:1.10.1]
	at org.junit.platform.engine.support.hierarchical.ThrowableCollector.execute(ThrowableCollector.java:73) ~[junit-platform-engine-1.10.1.jar:1.10.1]
	at org.junit.platform.engine.support.hierarchical.NodeTestTask.lambda$executeRecursively$8(NodeTestTask.java:141) ~[junit-platform-engine-1.10.1.jar:1.10.1]
	at org.junit.platform.engine.support.hierarchical.Node.around(Node.java:137) ~[junit-platform-engine-1.10.1.jar:1.10.1]
	at org.junit.platform.engine.support.hierarchical.NodeTestTask.lambda$executeRecursively$9(NodeTestTask.java:139) ~[junit-platform-engine-1.10.1.jar:1.10.1]
	at org.junit.platform.engine.support.hierarchical.ThrowableCollector.execute(ThrowableCollector.java:73) ~[junit-platform-engine-1.10.1.jar:1.10.1]
	at org.junit.platform.engine.support.hierarchical.NodeTestTask.executeRecursively(NodeTestTask.java:138) ~[junit-platform-engine-1.10.1.jar:1.10.1]
	at org.junit.platform.engine.support.hierarchical.NodeTestTask.execute(NodeTestTask.java:95) ~[junit-platform-engine-1.10.1.jar:1.10.1]
	at java.base/java.util.ArrayList.forEach(ArrayList.java:1511) ~[na:na]
	at org.junit.platform.engine.support.hierarchical.SameThreadHierarchicalTestExecutorService.invokeAll(SameThreadHierarchicalTestExecutorService.java:41) ~[junit-platform-engine-1.10.1.jar:1.10.1]
	at org.junit.platform.engine.support.hierarchical.NodeTestTask.lambda$executeRecursively$6(NodeTestTask.java:155) ~[junit-platform-engine-1.10.1.jar:1.10.1]
	at org.junit.platform.engine.support.hierarchical.ThrowableCollector.execute(ThrowableCollector.java:73) ~[junit-platform-engine-1.10.1.jar:1.10.1]
	at org.junit.platform.engine.support.hierarchical.NodeTestTask.lambda$executeRecursively$8(NodeTestTask.java:141) ~[junit-platform-engine-1.10.1.jar:1.10.1]
	at org.junit.platform.engine.support.hierarchical.Node.around(Node.java:137) ~[junit-platform-engine-1.10.1.jar:1.10.1]
	at org.junit.platform.engine.support.hierarchical.NodeTestTask.lambda$executeRecursively$9(NodeTestTask.java:139) ~[junit-platform-engine-1.10.1.jar:1.10.1]
	at org.junit.platform.engine.support.hierarchical.ThrowableCollector.execute(ThrowableCollector.java:73) ~[junit-platform-engine-1.10.1.jar:1.10.1]
	at org.junit.platform.engine.support.hierarchical.NodeTestTask.executeRecursively(NodeTestTask.java:138) ~[junit-platform-engine-1.10.1.jar:1.10.1]
	at org.junit.platform.engine.support.hierarchical.NodeTestTask.execute(NodeTestTask.java:95) ~[junit-platform-engine-1.10.1.jar:1.10.1]
	at org.junit.platform.engine.support.hierarchical.SameThreadHierarchicalTestExecutorService.submit(SameThreadHierarchicalTestExecutorService.java:35) ~[junit-platform-engine-1.10.1.jar:1.10.1]
	at org.junit.platform.engine.support.hierarchical.HierarchicalTestExecutor.execute(HierarchicalTestExecutor.java:57) ~[junit-platform-engine-1.10.1.jar:1.10.1]
	at org.junit.platform.engine.support.hierarchical.HierarchicalTestEngine.execute(HierarchicalTestEngine.java:54) ~[junit-platform-engine-1.10.1.jar:1.10.1]
	at org.junit.platform.launcher.core.EngineExecutionOrchestrator.execute(EngineExecutionOrchestrator.java:198) ~[junit-platform-launcher-1.10.1.jar:1.10.1]
	at org.junit.platform.launcher.core.EngineExecutionOrchestrator.execute(EngineExecutionOrchestrator.java:169) ~[junit-platform-launcher-1.10.1.jar:1.10.1]
	at org.junit.platform.launcher.core.EngineExecutionOrchestrator.execute(EngineExecutionOrchestrator.java:93) ~[junit-platform-launcher-1.10.1.jar:1.10.1]
	at org.junit.platform.launcher.core.EngineExecutionOrchestrator.lambda$execute$0(EngineExecutionOrchestrator.java:58) ~[junit-platform-launcher-1.10.1.jar:1.10.1]
	at org.junit.platform.launcher.core.EngineExecutionOrchestrator.withInterceptedStreams(EngineExecutionOrchestrator.java:141) ~[junit-platform-launcher-1.10.1.jar:1.10.1]
	at org.junit.platform.launcher.core.EngineExecutionOrchestrator.execute(EngineExecutionOrchestrator.java:57) ~[junit-platform-launcher-1.10.1.jar:1.10.1]
	at org.junit.platform.launcher.core.DefaultLauncher.execute(DefaultLauncher.java:103) ~[junit-platform-launcher-1.10.1.jar:1.10.1]
	at org.junit.platform.launcher.core.DefaultLauncher.execute(DefaultLauncher.java:85) ~[junit-platform-launcher-1.10.1.jar:1.10.1]
	at org.junit.platform.launcher.core.DelegatingLauncher.execute(DelegatingLauncher.java:47) ~[junit-platform-launcher-1.10.1.jar:1.10.1]
	at org.apache.maven.surefire.junitplatform.LazyLauncher.execute(LazyLauncher.java:56) ~[surefire-junit-platform-3.1.2.jar:3.1.2]
	at org.apache.maven.surefire.junitplatform.JUnitPlatformProvider.execute(JUnitPlatformProvider.java:184) ~[surefire-junit-platform-3.1.2.jar:3.1.2]
	at org.apache.maven.surefire.junitplatform.JUnitPlatformProvider.invokeAllTests(JUnitPlatformProvider.java:148) ~[surefire-junit-platform-3.1.2.jar:3.1.2]
	at org.apache.maven.surefire.junitplatform.JUnitPlatformProvider.invoke(JUnitPlatformProvider.java:122) ~[surefire-junit-platform-3.1.2.jar:3.1.2]
	at org.apache.maven.surefire.booter.ForkedBooter.runSuitesInProcess(ForkedBooter.java:385) ~[surefire-booter-3.1.2.jar:3.1.2]
	at org.apache.maven.surefire.booter.ForkedBooter.execute(ForkedBooter.java:162) ~[surefire-booter-3.1.2.jar:3.1.2]
	at org.apache.maven.surefire.booter.ForkedBooter.run(ForkedBooter.java:507) ~[surefire-booter-3.1.2.jar:3.1.2]
	at org.apache.maven.surefire.booter.ForkedBooter.main(ForkedBooter.java:495) ~[surefire-booter-3.1.2.jar:3.1.2]
Caused by: org.springframework.beans.factory.BeanCreationException: Error creating bean with name 'resourceHandlerMapping' defined in class path resource [org/springframework/boot/autoconfigure/web/servlet/WebMvcAutoConfiguration$EnableWebMvcConfiguration.class]: Failed to instantiate [org.springframework.web.servlet.HandlerMapping]: Factory method 'resourceHandlerMapping' threw exception with message: 'io.github.classgraph.ClassGraph io.github.classgraph.ClassGraph.acceptPaths(java.lang.String[])'
	at org.springframework.beans.factory.support.ConstructorResolver.instantiate(ConstructorResolver.java:655) ~[spring-beans-6.1.1.jar:6.1.1]
	at org.springframework.beans.factory.support.ConstructorResolver.instantiateUsingFactoryMethod(ConstructorResolver.java:643) ~[spring-beans-6.1.1.jar:6.1.1]
	at org.springframework.beans.factory.support.AbstractAutowireCapableBeanFactory.instantiateUsingFactoryMethod(AbstractAutowireCapableBeanFactory.java:1336) ~[spring-beans-6.1.1.jar:6.1.1]
	at org.springframework.beans.factory.support.AbstractAutowireCapableBeanFactory.createBeanInstance(AbstractAutowireCapableBeanFactory.java:1166) ~[spring-beans-6.1.1.jar:6.1.1]
	at org.springframework.beans.factory.support.AbstractAutowireCapableBeanFactory.doCreateBean(AbstractAutowireCapableBeanFactory.java:563) ~[spring-beans-6.1.1.jar:6.1.1]
	at org.springframework.beans.factory.support.AbstractAutowireCapableBeanFactory.createBean(AbstractAutowireCapableBeanFactory.java:523) ~[spring-beans-6.1.1.jar:6.1.1]
	at org.springframework.beans.factory.support.AbstractBeanFactory.lambda$doGetBean$0(AbstractBeanFactory.java:325) ~[spring-beans-6.1.1.jar:6.1.1]
	at org.springframework.beans.factory.support.DefaultSingletonBeanRegistry.getSingleton(DefaultSingletonBeanRegistry.java:234) ~[spring-beans-6.1.1.jar:6.1.1]
	at org.springframework.beans.factory.support.AbstractBeanFactory.doGetBean(AbstractBeanFactory.java:323) ~[spring-beans-6.1.1.jar:6.1.1]
	at org.springframework.beans.factory.support.AbstractBeanFactory.getBean(AbstractBeanFactory.java:199) ~[spring-beans-6.1.1.jar:6.1.1]
	at org.springframework.beans.factory.support.DefaultListableBeanFactory.preInstantiateSingletons(DefaultListableBeanFactory.java:973) ~[spring-beans-6.1.1.jar:6.1.1]
	at org.springframework.context.support.AbstractApplicationContext.finishBeanFactoryInitialization(AbstractApplicationContext.java:946) ~[spring-context-6.1.1.jar:6.1.1]
	at org.springframework.context.support.AbstractApplicationContext.refresh(AbstractApplicationContext.java:616) ~[spring-context-6.1.1.jar:6.1.1]
	at org.springframework.boot.SpringApplication.refresh(SpringApplication.java:753) ~[spring-boot-3.2.0.jar:3.2.0]
	at org.springframework.boot.SpringApplication.refreshContext(SpringApplication.java:455) ~[spring-boot-3.2.0.jar:3.2.0]
	at org.springframework.boot.SpringApplication.run(SpringApplication.java:323) ~[spring-boot-3.2.0.jar:3.2.0]
	at org.springframework.boot.test.context.SpringBootContextLoader.lambda$loadContext$3(SpringBootContextLoader.java:137) ~[spring-boot-test-3.2.0.jar:3.2.0]
	at org.springframework.util.function.ThrowingSupplier.get(ThrowingSupplier.java:58) ~[spring-core-6.1.1.jar:6.1.1]
	at org.springframework.util.function.ThrowingSupplier.get(ThrowingSupplier.java:46) ~[spring-core-6.1.1.jar:6.1.1]
	at org.springframework.boot.SpringApplication.withHook(SpringApplication.java:1442) ~[spring-boot-3.2.0.jar:3.2.0]
	at org.springframework.boot.test.context.SpringBootContextLoader$ContextLoaderHook.run(SpringBootContextLoader.java:552) ~[spring-boot-test-3.2.0.jar:3.2.0]
	at org.springframework.boot.test.context.SpringBootContextLoader.loadContext(SpringBootContextLoader.java:137) ~[spring-boot-test-3.2.0.jar:3.2.0]
	at org.springframework.boot.test.context.SpringBootContextLoader.loadContext(SpringBootContextLoader.java:108) ~[spring-boot-test-3.2.0.jar:3.2.0]
	at org.springframework.test.context.cache.DefaultCacheAwareContextLoaderDelegate.loadContextInternal(DefaultCacheAwareContextLoaderDelegate.java:225) ~[spring-test-6.1.1.jar:6.1.1]
	at org.springframework.test.context.cache.DefaultCacheAwareContextLoaderDelegate.loadContext(DefaultCacheAwareContextLoaderDelegate.java:152) ~[spring-test-6.1.1.jar:6.1.1]
	... 73 common frames omitted
Caused by: org.springframework.beans.BeanInstantiationException: Failed to instantiate [org.springframework.web.servlet.HandlerMapping]: Factory method 'resourceHandlerMapping' threw exception with message: 'io.github.classgraph.ClassGraph io.github.classgraph.ClassGraph.acceptPaths(java.lang.String[])'
	at org.springframework.beans.factory.support.SimpleInstantiationStrategy.instantiate(SimpleInstantiationStrategy.java:178) ~[spring-beans-6.1.1.jar:6.1.1]
	at org.springframework.beans.factory.support.ConstructorResolver.instantiate(ConstructorResolver.java:651) ~[spring-beans-6.1.1.jar:6.1.1]
	... 97 common frames omitted
Caused by: java.lang.NoSuchMethodError: 'io.github.classgraph.ClassGraph io.github.classgraph.ClassGraph.acceptPaths(java.lang.String[])'
	at org.webjars.WebJarAssetLocator.scanForWebJars(WebJarAssetLocator.java:188) ~[webjars-locator-core-0.55.jar:na]
	at org.webjars.WebJarAssetLocator.<init>(WebJarAssetLocator.java:210) ~[webjars-locator-core-0.55.jar:na]
	at org.webjars.WebJarAssetLocator.<init>(WebJarAssetLocator.java:194) ~[webjars-locator-core-0.55.jar:na]
	at org.springframework.web.servlet.resource.WebJarsResourceResolver.<init>(WebJarsResourceResolver.java:63) ~[spring-webmvc-6.1.1.jar:6.1.1]
	at org.springframework.web.servlet.config.annotation.ResourceChainRegistration.getResourceResolvers(ResourceChainRegistration.java:114) ~[spring-webmvc-6.1.1.jar:6.1.1]
	at org.springframework.web.servlet.config.annotation.ResourceHandlerRegistration.getRequestHandler(ResourceHandlerRegistration.java:235) ~[spring-webmvc-6.1.1.jar:6.1.1]
	at org.springframework.web.servlet.config.annotation.ResourceHandlerRegistry.getRequestHandler(ResourceHandlerRegistry.java:178) ~[spring-webmvc-6.1.1.jar:6.1.1]
	at org.springframework.web.servlet.config.annotation.ResourceHandlerRegistry.getHandlerMapping(ResourceHandlerRegistry.java:168) ~[spring-webmvc-6.1.1.jar:6.1.1]
	at org.springframework.web.servlet.config.annotation.WebMvcConfigurationSupport.resourceHandlerMapping(WebMvcConfigurationSupport.java:589) ~[spring-webmvc-6.1.1.jar:6.1.1]
	at java.base/jdk.internal.reflect.NativeMethodAccessorImpl.invoke0(Native Method) ~[na:na]
	at java.base/jdk.internal.reflect.NativeMethodAccessorImpl.invoke(NativeMethodAccessorImpl.java:77) ~[na:na]
	at java.base/jdk.internal.reflect.DelegatingMethodAccessorImpl.invoke(DelegatingMethodAccessorImpl.java:43) ~[na:na]
	at java.base/java.lang.reflect.Method.invoke(Method.java:568) ~[na:na]
	at org.springframework.beans.factory.support.SimpleInstantiationStrategy.instantiate(SimpleInstantiationStrategy.java:140) ~[spring-beans-6.1.1.jar:6.1.1]
	... 98 common frames omitted

]]></system-out>
    <system-err><![CDATA[


============================
CONDITIONS EVALUATION REPORT
============================


Positive matches:
-----------------

    None


Negative matches:
-----------------

    None


Exclusions:
-----------

    None


Unconditional classes:
----------------------

    None



]]></system-err>
  </testcase>
</testsuite>